<?xml version="1.0" encoding="UTF-8"?>
<testng-results ignored="0" total="1" passed="1" failed="0" skipped="0">
  <reporter-output>
  </reporter-output>
  <suite started-at="2021-09-26T11:30:21 IST" name="Default suite" finished-at="2021-09-26T11:33:33 IST" duration-ms="191647">
    <groups>
    </groups>
    <test started-at="2021-09-26T11:30:21 IST" name="Default test" finished-at="2021-09-26T11:33:33 IST" duration-ms="191647">
      <class name="svg_Graph.Covid_case_graph">
        <test-method signature="covid_case()[pri:0, instance:svg_Graph.Covid_case_graph@7bd4937b]" started-at="2021-09-26T11:30:21 IST" name="covid_case" finished-at="2021-09-26T11:33:33 IST" duration-ms="191570" status="PASS">
          <reporter-output>
          </reporter-output>
        </test-method> <!-- covid_case -->
      </class> <!-- svg_Graph.Covid_case_graph -->
    </test> <!-- Default test -->
  </suite> <!-- Default suite -->
</testng-results>
